SF:lib/models/favoritos.dart
DA:6,6
DA:8,3
DA:9,6
DA:10,3
DA:13,2
DA:14,4
DA:15,2
LF:7
LH:7
end_of_record
SF:lib/screens/favoritos.dart
DA:8,1
DA:10,1
DA:11,1
DA:12,1
DA:14,1
DA:15,2
DA:16,2
DA:18,4
DA:28,1
DA:32,1
DA:34,1
DA:36,1
DA:37,1
DA:38,4
DA:40,1
DA:41,2
DA:42,3
DA:44,1
DA:45,3
DA:46,1
DA:47,0
DA:48,0
DA:49,0
DA:50,0
DA:51,0
DA:52,0
LF:26
LH:20
end_of_record
SF:lib/screens/home.dart
DA:9,1
DA:11,1
DA:12,1
DA:13,1
DA:14,1
DA:15,1
DA:16,1
DA:17,0
DA:18,0
DA:20,1
DA:21,1
DA:25,1
DA:29,2
DA:38,1
DA:42,1
DA:44,1
DA:46,1
DA:48,1
DA:49,1
DA:50,4
DA:52,1
DA:53,2
DA:54,3
DA:56,1
DA:57,3
DA:58,3
DA:59,1
DA:60,1
DA:61,1
DA:62,3
DA:63,2
DA:64,2
DA:65,2
DA:66,1
DA:67,4
DA:70,1
LF:36
LH:34
end_of_record
